<?xml version="1.0" encoding="UTF-8"?>
<!-- Generated by org.testng.reporters.JUnitReportReporter -->
<testsuite hostname="VidyaLaptop" failures="0" tests="4" name="booking.BookingTest" time="10.081" errors="0" timestamp="2026-03-10T15:50:01 IST" skipped="0">
  <testcase classname="booking.BookingTest" name="getAllBookingIdsTest" time="1.835"/>
  <testcase classname="booking.BookingTest" name="createBookingTest" time="1.402"/>
  <testcase classname="booking.BookingTest" name="getBookingByIdTest" time="2.215"/>
  <testcase classname="booking.BookingTest" name="generateTokenTest" time="4.629"/>
</testsuite> <!-- booking.BookingTest -->
