<?xml version="1.0" encoding="UTF-8"?>
<!-- Generated by org.testng.reporters.JUnitXMLReporter -->
<testsuite ignored="0" hostname="VidyaLaptop" failures="0" tests="4" name="Default test" time="8.793" errors="0" timestamp="2026-03-10T13:24:39 IST">
  <testcase classname="booking.BookingTest" name="generateToken" time="4.404"/>
  <testcase classname="booking.BookingTest" name="getAllBookingIds" time="1.554"/>
  <testcase classname="booking.BookingTest" name="createBooking" time="1.257"/>
  <testcase classname="booking.BookingTest" name="getBookingById" time="1.507"/>
</testsuite> <!-- Default test -->
