<?xml version="1.0" encoding="UTF-8"?>
<testng-results ignored="0" total="4" passed="4" failed="0" skipped="0">
  <reporter-output>
  </reporter-output>
  <suite started-at="2026-03-10T15:49:51 IST" name="Suite" finished-at="2026-03-10T15:50:01 IST" duration-ms="10178">
    <groups>
    </groups>
    <test started-at="2026-03-10T15:49:51 IST" name="Test" finished-at="2026-03-10T15:50:01 IST" duration-ms="10178">
      <class name="booking.BookingTest">
        <test-method signature="generateTokenTest()[pri:0, instance:booking.BookingTest@1d296da]" started-at="2026-03-10T15:49:51 IST" name="generateTokenTest" finished-at="2026-03-10T15:49:55 IST" duration-ms="4629" status="PASS">
          <reporter-output>
          </reporter-output>
        </test-method> <!-- generateTokenTest -->
        <test-method signature="getAllBookingIdsTest()[pri:0, instance:booking.BookingTest@1d296da]" started-at="2026-03-10T15:49:55 IST" name="getAllBookingIdsTest" finished-at="2026-03-10T15:49:57 IST" duration-ms="1835" status="PASS">
          <reporter-output>
          </reporter-output>
        </test-method> <!-- getAllBookingIdsTest -->
        <test-method signature="createBookingTest()[pri:0, instance:booking.BookingTest@1d296da]" started-at="2026-03-10T15:49:57 IST" name="createBookingTest" finished-at="2026-03-10T15:49:59 IST" depends-on-methods="booking.BookingTest.generateTokenTest" duration-ms="1402" status="PASS">
          <reporter-output>
          </reporter-output>
        </test-method> <!-- createBookingTest -->
        <test-method signature="getBookingByIdTest()[pri:0, instance:booking.BookingTest@1d296da]" started-at="2026-03-10T15:49:59 IST" name="getBookingByIdTest" finished-at="2026-03-10T15:50:01 IST" depends-on-methods="booking.BookingTest.generateTokenTest, booking.BookingTest.createBookingTest" duration-ms="2215" status="PASS">
          <reporter-output>
          </reporter-output>
        </test-method> <!-- getBookingByIdTest -->
      </class> <!-- booking.BookingTest -->
    </test> <!-- Test -->
  </suite> <!-- Suite -->
</testng-results>
