<?xml version="1.0" encoding="UTF-8"?>
<!-- Generated by org.testng.reporters.JUnitXMLReporter -->
<testsuite ignored="0" hostname="VidyaLaptop" failures="0" tests="4" name="Test" time="10.178" errors="0" timestamp="2026-03-10T15:50:01 IST">
  <testcase classname="booking.BookingTest" name="generateTokenTest" time="4.629"/>
  <testcase classname="booking.BookingTest" name="getAllBookingIdsTest" time="1.835"/>
  <testcase classname="booking.BookingTest" name="createBookingTest" time="1.402"/>
  <testcase classname="booking.BookingTest" name="getBookingByIdTest" time="2.215"/>
</testsuite> <!-- Test -->
